[20-Mar-2021 12:52:09 UTC] PHP Parse error:  syntax error, unexpected 'university_post_types' (T_STRING) in C:\Users\Tonio\Local Sites\zoo\app\public\wp-content\mu-plugins\zoo-post-types.php on line 2
[20-Mar-2021 12:52:15 UTC] PHP Parse error:  syntax error, unexpected 'university_post_types' (T_STRING) in C:\Users\Tonio\Local Sites\zoo\app\public\wp-content\mu-plugins\zoo-post-types.php on line 2
[20-Mar-2021 12:52:17 UTC] PHP Parse error:  syntax error, unexpected 'university_post_types' (T_STRING) in C:\Users\Tonio\Local Sites\zoo\app\public\wp-content\mu-plugins\zoo-post-types.php on line 2
[20-Mar-2021 12:52:58 UTC] PHP Parse error:  syntax error, unexpected ')' in C:\Users\Tonio\Local Sites\zoo\app\public\wp-content\mu-plugins\zoo-post-types.php on line 11
[20-Mar-2021 12:53:00 UTC] PHP Parse error:  syntax error, unexpected ')' in C:\Users\Tonio\Local Sites\zoo\app\public\wp-content\mu-plugins\zoo-post-types.php on line 11
[20-Mar-2021 12:54:17 UTC] PHP Warning:  call_user_func_array() expects parameter 1 to be a valid callback, function 'university_post_types' not found or invalid function name in C:\Users\Tonio\Local Sites\zoo\app\public\wp-includes\class-wp-hook.php on line 287
[20-Mar-2021 12:54:17 UTC] PHP Stack trace:
[20-Mar-2021 12:54:17 UTC] PHP   1. {main}() C:\Users\Tonio\Local Sites\zoo\app\public\wp-admin\edit.php:0
[20-Mar-2021 12:54:17 UTC] PHP   2. require_once() C:\Users\Tonio\Local Sites\zoo\app\public\wp-admin\edit.php:10
[20-Mar-2021 12:54:17 UTC] PHP   3. require_once() C:\Users\Tonio\Local Sites\zoo\app\public\wp-admin\admin.php:34
[20-Mar-2021 12:54:17 UTC] PHP   4. require_once() C:\Users\Tonio\Local Sites\zoo\app\public\wp-load.php:37
[20-Mar-2021 12:54:17 UTC] PHP   5. require_once() C:\Users\Tonio\Local Sites\zoo\app\public\wp-config.php:77
[20-Mar-2021 12:54:17 UTC] PHP   6. do_action() C:\Users\Tonio\Local Sites\zoo\app\public\wp-settings.php:557
[20-Mar-2021 12:54:17 UTC] PHP   7. WP_Hook->do_action() C:\Users\Tonio\Local Sites\zoo\app\public\wp-includes\plugin.php:484
[20-Mar-2021 12:54:17 UTC] PHP   8. WP_Hook->apply_filters() C:\Users\Tonio\Local Sites\zoo\app\public\wp-includes\class-wp-hook.php:311
[20-Mar-2021 12:54:21 UTC] PHP Warning:  call_user_func_array() expects parameter 1 to be a valid callback, function 'university_post_types' not found or invalid function name in C:\Users\Tonio\Local Sites\zoo\app\public\wp-includes\class-wp-hook.php on line 287
[20-Mar-2021 12:54:21 UTC] PHP Stack trace:
[20-Mar-2021 12:54:21 UTC] PHP   1. {main}() C:\Users\Tonio\Local Sites\zoo\app\public\index.php:0
[20-Mar-2021 12:54:21 UTC] PHP   2. require() C:\Users\Tonio\Local Sites\zoo\app\public\index.php:17
[20-Mar-2021 12:54:21 UTC] PHP   3. require_once() C:\Users\Tonio\Local Sites\zoo\app\public\wp-blog-header.php:13
[20-Mar-2021 12:54:21 UTC] PHP   4. require_once() C:\Users\Tonio\Local Sites\zoo\app\public\wp-load.php:37
[20-Mar-2021 12:54:21 UTC] PHP   5. require_once() C:\Users\Tonio\Local Sites\zoo\app\public\wp-config.php:77
[20-Mar-2021 12:54:21 UTC] PHP   6. do_action() C:\Users\Tonio\Local Sites\zoo\app\public\wp-settings.php:557
[20-Mar-2021 12:54:21 UTC] PHP   7. WP_Hook->do_action() C:\Users\Tonio\Local Sites\zoo\app\public\wp-includes\plugin.php:484
[20-Mar-2021 12:54:21 UTC] PHP   8. WP_Hook->apply_filters() C:\Users\Tonio\Local Sites\zoo\app\public\wp-includes\class-wp-hook.php:311
[20-Mar-2021 12:54:21 UTC] PHP Warning:  call_user_func_array() expects parameter 1 to be a valid callback, function 'university_post_types' not found or invalid function name in C:\Users\Tonio\Local Sites\zoo\app\public\wp-includes\class-wp-hook.php on line 287
[20-Mar-2021 12:54:21 UTC] PHP Stack trace:
[20-Mar-2021 12:54:21 UTC] PHP   1. {main}() C:\Users\Tonio\Local Sites\zoo\app\public\wp-admin\admin-ajax.php:0
[20-Mar-2021 12:54:21 UTC] PHP   2. require_once() C:\Users\Tonio\Local Sites\zoo\app\public\wp-admin\admin-ajax.php:22
[20-Mar-2021 12:54:21 UTC] PHP   3. require_once() C:\Users\Tonio\Local Sites\zoo\app\public\wp-load.php:37
[20-Mar-2021 12:54:21 UTC] PHP   4. require_once() C:\Users\Tonio\Local Sites\zoo\app\public\wp-config.php:77
[20-Mar-2021 12:54:21 UTC] PHP   5. do_action() C:\Users\Tonio\Local Sites\zoo\app\public\wp-settings.php:557
[20-Mar-2021 12:54:21 UTC] PHP   6. WP_Hook->do_action() C:\Users\Tonio\Local Sites\zoo\app\public\wp-includes\plugin.php:484
[20-Mar-2021 12:54:21 UTC] PHP   7. WP_Hook->apply_filters() C:\Users\Tonio\Local Sites\zoo\app\public\wp-includes\class-wp-hook.php:311
[20-Mar-2021 12:54:36 UTC] PHP Warning:  call_user_func_array() expects parameter 1 to be a valid callback, function 'university_post_types' not found or invalid function name in C:\Users\Tonio\Local Sites\zoo\app\public\wp-includes\class-wp-hook.php on line 287
[20-Mar-2021 12:54:36 UTC] PHP Stack trace:
[20-Mar-2021 12:54:36 UTC] PHP   1. {main}() C:\Users\Tonio\Local Sites\zoo\app\public\wp-admin\admin-ajax.php:0
[20-Mar-2021 12:54:36 UTC] PHP   2. require_once() C:\Users\Tonio\Local Sites\zoo\app\public\wp-admin\admin-ajax.php:22
[20-Mar-2021 12:54:36 UTC] PHP   3. require_once() C:\Users\Tonio\Local Sites\zoo\app\public\wp-load.php:37
[20-Mar-2021 12:54:36 UTC] PHP   4. require_once() C:\Users\Tonio\Local Sites\zoo\app\public\wp-config.php:77
[20-Mar-2021 12:54:36 UTC] PHP   5. do_action() C:\Users\Tonio\Local Sites\zoo\app\public\wp-settings.php:557
[20-Mar-2021 12:54:36 UTC] PHP   6. WP_Hook->do_action() C:\Users\Tonio\Local Sites\zoo\app\public\wp-includes\plugin.php:484
[20-Mar-2021 12:54:36 UTC] PHP   7. WP_Hook->apply_filters() C:\Users\Tonio\Local Sites\zoo\app\public\wp-includes\class-wp-hook.php:311
[20-Mar-2021 12:54:50 UTC] PHP Warning:  call_user_func_array() expects parameter 1 to be a valid callback, function 'university_post_types' not found or invalid function name in C:\Users\Tonio\Local Sites\zoo\app\public\wp-includes\class-wp-hook.php on line 287
[20-Mar-2021 12:54:50 UTC] PHP Stack trace:
[20-Mar-2021 12:54:50 UTC] PHP   1. {main}() C:\Users\Tonio\Local Sites\zoo\app\public\wp-admin\admin-ajax.php:0
[20-Mar-2021 12:54:50 UTC] PHP   2. require_once() C:\Users\Tonio\Local Sites\zoo\app\public\wp-admin\admin-ajax.php:22
[20-Mar-2021 12:54:50 UTC] PHP   3. require_once() C:\Users\Tonio\Local Sites\zoo\app\public\wp-load.php:37
[20-Mar-2021 12:54:50 UTC] PHP   4. require_once() C:\Users\Tonio\Local Sites\zoo\app\public\wp-config.php:77
[20-Mar-2021 12:54:50 UTC] PHP   5. do_action() C:\Users\Tonio\Local Sites\zoo\app\public\wp-settings.php:557
[20-Mar-2021 12:54:50 UTC] PHP   6. WP_Hook->do_action() C:\Users\Tonio\Local Sites\zoo\app\public\wp-includes\plugin.php:484
[20-Mar-2021 12:54:50 UTC] PHP   7. WP_Hook->apply_filters() C:\Users\Tonio\Local Sites\zoo\app\public\wp-includes\class-wp-hook.php:311
[20-Mar-2021 19:07:52 UTC] PHP Parse error:  syntax error, unexpected ''capability_type'' (T_CONSTANT_ENCAPSED_STRING), expecting ')' in C:\Users\Tonio\Local Sites\zoo\app\public\wp-content\mu-plugins\zoo-post-types.php on line 7
[20-Mar-2021 19:07:57 UTC] PHP Parse error:  syntax error, unexpected ''capability_type'' (T_CONSTANT_ENCAPSED_STRING), expecting ')' in C:\Users\Tonio\Local Sites\zoo\app\public\wp-content\mu-plugins\zoo-post-types.php on line 7
[20-Mar-2021 19:08:42 UTC] PHP Parse error:  syntax error, unexpected ''capability_type'' (T_CONSTANT_ENCAPSED_STRING), expecting ')' in C:\Users\Tonio\Local Sites\zoo\app\public\wp-content\mu-plugins\zoo-post-types.php on line 7
[20-Mar-2021 19:08:43 UTC] PHP Parse error:  syntax error, unexpected ''capability_type'' (T_CONSTANT_ENCAPSED_STRING), expecting ')' in C:\Users\Tonio\Local Sites\zoo\app\public\wp-content\mu-plugins\zoo-post-types.php on line 7
[20-Mar-2021 19:10:19 UTC] PHP Parse error:  syntax error, unexpected ''capability_type'' (T_CONSTANT_ENCAPSED_STRING), expecting ')' in C:\Users\Tonio\Local Sites\zoo\app\public\wp-content\mu-plugins\zoo-post-types.php on line 7
[20-Mar-2021 19:10:21 UTC] PHP Parse error:  syntax error, unexpected ''capability_type'' (T_CONSTANT_ENCAPSED_STRING), expecting ')' in C:\Users\Tonio\Local Sites\zoo\app\public\wp-content\mu-plugins\zoo-post-types.php on line 7
[20-Mar-2021 19:49:58 UTC] PHP Parse error:  syntax error, unexpected end of file in C:\Users\Tonio\Local Sites\zoo\app\public\wp-content\themes\advance-pet-care\header.php on line 29
[12-Apr-2021 23:06:41 UTC] PHP Parse error:  syntax error, unexpected 'endwhile' (T_ENDWHILE), expecting end of file in C:\Users\Tonio\Local Sites\zoo\app\public\wp-content\themes\advance-pet-care\single-animal-information.php on line 23
[12-Apr-2021 23:19:34 UTC] PHP Parse error:  syntax error, unexpected 'endwhile' (T_ENDWHILE) in C:\Users\Tonio\Local Sites\zoo\app\public\wp-content\themes\advance-pet-care\single-animal-information.php on line 48
[12-Apr-2021 23:20:13 UTC] PHP Parse error:  syntax error, unexpected end of file in C:\Users\Tonio\Local Sites\zoo\app\public\wp-content\themes\advance-pet-care\single-animal-information.php on line 60
[12-Apr-2021 23:23:45 UTC] PHP Parse error:  syntax error, unexpected end of file in C:\Users\Tonio\Local Sites\zoo\app\public\wp-content\themes\advance-pet-care\single-animal-information.php on line 58
[12-Apr-2021 23:54:39 UTC] PHP Parse error:  syntax error, unexpected '}' in C:\Users\Tonio\Local Sites\zoo\app\public\wp-content\themes\advance-pet-care\single-animal-information.php on line 13
[13-Apr-2021 01:03:07 UTC] PHP Warning:  A non-numeric value encountered in C:\Users\Tonio\Local Sites\zoo\app\public\wp-content\themes\advance-pet-care\single-animal-information.php on line 16
[13-Apr-2021 01:03:07 UTC] PHP Stack trace:
[13-Apr-2021 01:03:07 UTC] PHP   1. {main}() C:\Users\Tonio\Local Sites\zoo\app\public\index.php:0
[13-Apr-2021 01:03:07 UTC] PHP   2. require() C:\Users\Tonio\Local Sites\zoo\app\public\index.php:17
[13-Apr-2021 01:03:07 UTC] PHP   3. require_once() C:\Users\Tonio\Local Sites\zoo\app\public\wp-blog-header.php:19
[13-Apr-2021 01:03:07 UTC] PHP   4. include() C:\Users\Tonio\Local Sites\zoo\app\public\wp-includes\template-loader.php:106
[13-Apr-2021 01:04:25 UTC] PHP Warning:  A non-numeric value encountered in C:\Users\Tonio\Local Sites\zoo\app\public\wp-content\themes\advance-pet-care\single-animal-information.php on line 14
[13-Apr-2021 01:04:25 UTC] PHP Stack trace:
[13-Apr-2021 01:04:25 UTC] PHP   1. {main}() C:\Users\Tonio\Local Sites\zoo\app\public\index.php:0
[13-Apr-2021 01:04:25 UTC] PHP   2. require() C:\Users\Tonio\Local Sites\zoo\app\public\index.php:17
[13-Apr-2021 01:04:25 UTC] PHP   3. require_once() C:\Users\Tonio\Local Sites\zoo\app\public\wp-blog-header.php:19
[13-Apr-2021 01:04:25 UTC] PHP   4. include() C:\Users\Tonio\Local Sites\zoo\app\public\wp-includes\template-loader.php:106
[13-Apr-2021 01:06:36 UTC] PHP Warning:  A non-numeric value encountered in C:\Users\Tonio\Local Sites\zoo\app\public\wp-content\themes\advance-pet-care\single-animal-information.php on line 15
[13-Apr-2021 01:06:36 UTC] PHP Stack trace:
[13-Apr-2021 01:06:36 UTC] PHP   1. {main}() C:\Users\Tonio\Local Sites\zoo\app\public\index.php:0
[13-Apr-2021 01:06:36 UTC] PHP   2. require() C:\Users\Tonio\Local Sites\zoo\app\public\index.php:17
[13-Apr-2021 01:06:36 UTC] PHP   3. require_once() C:\Users\Tonio\Local Sites\zoo\app\public\wp-blog-header.php:19
[13-Apr-2021 01:06:36 UTC] PHP   4. include() C:\Users\Tonio\Local Sites\zoo\app\public\wp-includes\template-loader.php:106
[13-Apr-2021 03:59:24 UTC] PHP Parse error:  syntax error, unexpected 'get_header' (T_STRING) in C:\Users\Tonio\Local Sites\zoo\app\public\wp-content\themes\advance-pet-care\archive.php on line 10
[13-Apr-2021 04:37:06 UTC] PHP Parse error:  syntax error, unexpected '}' in C:\Users\Tonio\Local Sites\zoo\app\public\wp-content\themes\advance-pet-care\functions.php on line 442
[13-Apr-2021 04:37:08 UTC] PHP Parse error:  syntax error, unexpected '}' in C:\Users\Tonio\Local Sites\zoo\app\public\wp-content\themes\advance-pet-care\functions.php on line 442
[13-Apr-2021 04:38:18 UTC] PHP Parse error:  syntax error, unexpected '}', expecting end of file in C:\Users\Tonio\Local Sites\zoo\app\public\wp-content\themes\advance-pet-care\functions.php on line 483
[13-Apr-2021 04:38:20 UTC] PHP Parse error:  syntax error, unexpected '}', expecting end of file in C:\Users\Tonio\Local Sites\zoo\app\public\wp-content\themes\advance-pet-care\functions.php on line 483
[13-Apr-2021 04:38:29 UTC] PHP Parse error:  syntax error, unexpected '}', expecting end of file in C:\Users\Tonio\Local Sites\zoo\app\public\wp-content\themes\advance-pet-care\functions.php on line 483
[13-Apr-2021 04:38:30 UTC] PHP Parse error:  syntax error, unexpected '}', expecting end of file in C:\Users\Tonio\Local Sites\zoo\app\public\wp-content\themes\advance-pet-care\functions.php on line 483
[13-Apr-2021 04:38:36 UTC] PHP Parse error:  syntax error, unexpected '}', expecting end of file in C:\Users\Tonio\Local Sites\zoo\app\public\wp-content\themes\advance-pet-care\functions.php on line 483
[13-Apr-2021 04:38:45 UTC] PHP Parse error:  syntax error, unexpected '}', expecting end of file in C:\Users\Tonio\Local Sites\zoo\app\public\wp-content\themes\advance-pet-care\functions.php on line 483
[13-Apr-2021 04:38:46 UTC] PHP Parse error:  syntax error, unexpected '}', expecting end of file in C:\Users\Tonio\Local Sites\zoo\app\public\wp-content\themes\advance-pet-care\functions.php on line 483
[13-Apr-2021 04:38:56 UTC] PHP Parse error:  syntax error, unexpected '}', expecting end of file in C:\Users\Tonio\Local Sites\zoo\app\public\wp-content\themes\advance-pet-care\functions.php on line 483
[13-Apr-2021 04:38:59 UTC] PHP Parse error:  syntax error, unexpected '}', expecting end of file in C:\Users\Tonio\Local Sites\zoo\app\public\wp-content\themes\advance-pet-care\functions.php on line 483
[13-Apr-2021 04:39:01 UTC] PHP Parse error:  syntax error, unexpected '}', expecting end of file in C:\Users\Tonio\Local Sites\zoo\app\public\wp-content\themes\advance-pet-care\functions.php on line 483
[13-Apr-2021 04:43:57 UTC] PHP Warning:  Illegal string offset 'sizes' in C:\Users\Tonio\Local Sites\zoo\app\public\wp-content\themes\advance-pet-care\functions.php on line 444
[13-Apr-2021 04:43:57 UTC] PHP Stack trace:
[13-Apr-2021 04:43:57 UTC] PHP   1. {main}() C:\Users\Tonio\Local Sites\zoo\app\public\index.php:0
[13-Apr-2021 04:43:57 UTC] PHP   2. require() C:\Users\Tonio\Local Sites\zoo\app\public\index.php:17
[13-Apr-2021 04:43:57 UTC] PHP   3. require_once() C:\Users\Tonio\Local Sites\zoo\app\public\wp-blog-header.php:19
[13-Apr-2021 04:43:57 UTC] PHP   4. include() C:\Users\Tonio\Local Sites\zoo\app\public\wp-includes\template-loader.php:106
[13-Apr-2021 04:43:57 UTC] PHP   5. pageBanner() C:\Users\Tonio\Local Sites\zoo\app\public\wp-content\themes\advance-pet-care\archive.php:9
[13-Apr-2021 04:43:57 UTC] PHP Warning:  Illegal string offset 'pageBanner' in C:\Users\Tonio\Local Sites\zoo\app\public\wp-content\themes\advance-pet-care\functions.php on line 444
[13-Apr-2021 04:43:57 UTC] PHP Stack trace:
[13-Apr-2021 04:43:57 UTC] PHP   1. {main}() C:\Users\Tonio\Local Sites\zoo\app\public\index.php:0
[13-Apr-2021 04:43:57 UTC] PHP   2. require() C:\Users\Tonio\Local Sites\zoo\app\public\index.php:17
[13-Apr-2021 04:43:57 UTC] PHP   3. require_once() C:\Users\Tonio\Local Sites\zoo\app\public\wp-blog-header.php:19
[13-Apr-2021 04:43:57 UTC] PHP   4. include() C:\Users\Tonio\Local Sites\zoo\app\public\wp-includes\template-loader.php:106
[13-Apr-2021 04:43:57 UTC] PHP   5. pageBanner() C:\Users\Tonio\Local Sites\zoo\app\public\wp-content\themes\advance-pet-care\archive.php:9
[13-Apr-2021 08:12:35 UTC] PHP Recoverable fatal error:  Object of class WP_Query could not be converted to string in C:\Users\Tonio\Local Sites\zoo\app\public\wp-content\themes\advance-pet-care\single-animal-information.php on line 87
[13-Apr-2021 08:12:35 UTC] PHP Stack trace:
[13-Apr-2021 08:12:35 UTC] PHP   1. {main}() C:\Users\Tonio\Local Sites\zoo\app\public\index.php:0
[13-Apr-2021 08:12:35 UTC] PHP   2. require() C:\Users\Tonio\Local Sites\zoo\app\public\index.php:17
[13-Apr-2021 08:12:35 UTC] PHP   3. require_once() C:\Users\Tonio\Local Sites\zoo\app\public\wp-blog-header.php:19
[13-Apr-2021 08:12:35 UTC] PHP   4. include() C:\Users\Tonio\Local Sites\zoo\app\public\wp-includes\template-loader.php:106
[13-Apr-2021 08:43:27 UTC] PHP Parse error:  syntax error, unexpected '<', expecting end of file in C:\Users\Tonio\Local Sites\zoo\app\public\wp-content\themes\advance-pet-care\single-animal-information.php on line 98
[13-Apr-2021 09:03:14 UTC] PHP Parse error:  syntax error, unexpected 'as' (T_AS) in C:\Users\Tonio\Local Sites\zoo\app\public\wp-content\themes\advance-pet-care\single-animal-information.php on line 76
