[12-Apr-2021 15:15:34] NOTICE: fpm is running, pid 39892
[12-Apr-2021 15:15:34] NOTICE: ready to handle connections
[13-Apr-2021 00:28:21] NOTICE: fpm is running, pid 44912
[13-Apr-2021 00:28:21] NOTICE: ready to handle connections
[13-Apr-2021 03:04:34] NOTICE: Terminating ...
[13-Apr-2021 03:04:34] NOTICE: Terminating ...
[13-Apr-2021 03:04:34] NOTICE: exiting, bye-bye!
[13-Apr-2021 13:10:16] NOTICE: fpm is running, pid 50264
[13-Apr-2021 13:10:16] NOTICE: ready to handle connections
[13-Apr-2021 13:23:13] NOTICE: Terminating ...
[13-Apr-2021 13:23:13] NOTICE: Terminating ...
[13-Apr-2021 13:23:13] NOTICE: exiting, bye-bye!
[13-Apr-2021 13:25:58] NOTICE: fpm is running, pid 50436
[13-Apr-2021 13:25:58] NOTICE: ready to handle connections
[13-Apr-2021 13:29:58] NOTICE: Terminating ...
[13-Apr-2021 13:29:58] NOTICE: Terminating ...
[13-Apr-2021 13:29:58] NOTICE: exiting, bye-bye!
[13-Apr-2021 15:54:23] NOTICE: fpm is running, pid 50898
[13-Apr-2021 15:54:23] NOTICE: ready to handle connections
[13-Apr-2021 16:06:55] NOTICE: Terminating ...
[13-Apr-2021 16:06:55] NOTICE: Terminating ...
[13-Apr-2021 16:06:55] NOTICE: exiting, bye-bye!
[13-Apr-2021 16:13:35] NOTICE: fpm is running, pid 51207
[13-Apr-2021 16:13:35] NOTICE: ready to handle connections
[13-Apr-2021 16:35:36] NOTICE: Terminating ...
[13-Apr-2021 16:35:36] NOTICE: Terminating ...
[13-Apr-2021 16:35:36] NOTICE: exiting, bye-bye!
[14-Apr-2021 01:53:07] NOTICE: fpm is running, pid 53544
[14-Apr-2021 01:53:07] NOTICE: ready to handle connections
[14-Apr-2021 02:20:48] NOTICE: Terminating ...
[14-Apr-2021 02:20:48] NOTICE: Terminating ...
[14-Apr-2021 02:20:48] NOTICE: exiting, bye-bye!
[14-Apr-2021 07:14:23] NOTICE: fpm is running, pid 54134
[14-Apr-2021 07:14:23] NOTICE: ready to handle connections
[14-Apr-2021 07:15:37] NOTICE: Terminating ...
[14-Apr-2021 07:15:37] NOTICE: Terminating ...
[14-Apr-2021 07:15:37] NOTICE: exiting, bye-bye!
[14-Apr-2021 11:59:58] NOTICE: fpm is running, pid 55778
[14-Apr-2021 11:59:58] NOTICE: ready to handle connections
[14-Apr-2021 12:11:20] WARNING: [pool www] child 55791 said into stderr: "libpng warning: Interlace handling should be turned on when using png_read_image"
[14-Apr-2021 12:55:07] NOTICE: Terminating ...
[14-Apr-2021 12:55:07] NOTICE: Terminating ...
[14-Apr-2021 12:55:07] NOTICE: exiting, bye-bye!
[15-Apr-2021 00:15:51] NOTICE: fpm is running, pid 64085
[15-Apr-2021 00:15:51] NOTICE: ready to handle connections
